<?xml version="1.0" encoding="UTF-8"?>
<!-- Generated by org.testng.reporters.JUnitReportReporter -->
<testsuite hostname="IND04-L-5K255B3" failures="0" tests="3" name="Dynamic_Json" time="2.855" errors="0" timestamp="2024-03-21T16:43:08 IST" skipped="0">
  <testcase classname="Dynamic_Json" name="AddBook" time="1.973"/>
  <testcase classname="Dynamic_Json" name="AddBook" time="0.397"/>
  <testcase classname="Dynamic_Json" name="AddBook" time="0.485"/>
</testsuite> <!-- Dynamic_Json -->
