<?xml version="1.0" encoding="UTF-8"?>
<!-- Generated by org.testng.reporters.JUnitReportReporter -->
<testsuite hostname="IND04-L-5K255B3" failures="0" tests="1" name="files.SumValidation" time="1.201" errors="0" timestamp="2024-03-20T12:28:13 IST" skipped="0">
  <testcase classname="files.SumValidation" name="sumOfCourses" time="1.201"/>
</testsuite> <!-- files.SumValidation -->
