<?xml version="1.0" encoding="UTF-8"?>
<!-- Generated by org.testng.reporters.JUnitReportReporter -->
<testsuite hostname="IND04-L-5K255B3" failures="0" tests="1" name="SumValidation" time="4.573" errors="0" timestamp="2024-03-21T13:35:58 IST" skipped="0">
  <testcase classname="SumValidation" name="sumOfCourses" time="4.573"/>
</testsuite> <!-- SumValidation -->
